[debug] [2024-04-09T12:52:29.637Z] ----------------------------------------------------------------------
[debug] [2024-04-09T12:52:29.638Z] Command:       /usr/local/share/nvm/versions/node/v20.11.1/bin/node /home/codespace/nvm/current/bin/firebase init
[debug] [2024-04-09T12:52:29.639Z] CLI Version:   13.7.1
[debug] [2024-04-09T12:52:29.639Z] Platform:      linux
[debug] [2024-04-09T12:52:29.639Z] Node Version:  v20.11.1
[debug] [2024-04-09T12:52:29.639Z] Time:          Tue Apr 09 2024 12:52:29 GMT+0000 (Coordinated Universal Time)
[debug] [2024-04-09T12:52:29.639Z] Env Overrides: GITHUB_API_URL
[debug] [2024-04-09T12:52:29.639Z] ----------------------------------------------------------------------
[debug] 
[debug] [2024-04-09T12:52:29.643Z] > command requires scopes: ["email","openid","https://www.googleapis.com/auth/cloudplatformprojects.readonly","https://www.googleapis.com/auth/firebase","https://www.googleapis.com/auth/cloud-platform"]
[debug] [2024-04-09T12:52:29.643Z] > authorizing via signed-in user (gabriel.dagon.pro@gmail.com)
[info] 
     ######## #### ########  ######## ########     ###     ######  ########
     ##        ##  ##     ## ##       ##     ##  ##   ##  ##       ##
     ######    ##  ########  ######   ########  #########  ######  ######
     ##        ##  ##    ##  ##       ##     ## ##     ##       ## ##
     ##       #### ##     ## ######## ########  ##     ##  ######  ########

You're about to initialize a Firebase project in this directory:

  /workspaces/Portfolio

Before we get started, keep in mind:

  * You are currently outside your home directory

